<?xml version="1.0" encoding="UTF-8"?>
<!-- Generated by org.testng.reporters.JUnitReportReporter -->
<testsuite hostname="R_A_J" failures="0" tests="2" name="testCases.TC001_Verify_Acc_Reg" time="5.042" errors="0" timestamp="2025-04-12T18:10:27 IST" skipped="0">
  <testcase classname="testCases.TC001_Verify_Acc_Reg" name="verifyAccountReg" time="2.428"/>
  <testcase classname="testCases.TC001_Verify_Acc_Reg" name="verifyAccountReg" time="2.614"/>
</testsuite> <!-- testCases.TC001_Verify_Acc_Reg -->
